<?xml version="1.0" encoding="UTF-8"?>
<testng-results skipped="0" failed="0" ignored="0" total="1" passed="1">
  <reporter-output>
  </reporter-output>
  <suite name="Surefire suite" duration-ms="36367" started-at="2025-06-02T18:57:02 IST" finished-at="2025-06-02T18:57:38 IST">
    <groups>
    </groups>
    <test name="Surefire test" duration-ms="36367" started-at="2025-06-02T18:57:02 IST" finished-at="2025-06-02T18:57:38 IST">
      <class name="emulatorProject.CalculatorTest">
        <test-method status="PASS" signature="setUp()[pri:0, instance:emulatorProject.CalculatorTest@29626d54]" name="setUp" is-config="true" duration-ms="6209" started-at="2025-06-02T18:57:02 IST" finished-at="2025-06-02T18:57:08 IST">
          <reporter-output>
          </reporter-output>
        </test-method> <!-- setUp -->
        <test-method status="PASS" signature="test()[pri:0, instance:emulatorProject.CalculatorTest@29626d54]" name="test" duration-ms="29231" started-at="2025-06-02T18:57:08 IST" finished-at="2025-06-02T18:57:37 IST">
          <reporter-output>
          </reporter-output>
        </test-method> <!-- test -->
        <test-method status="PASS" signature="tearDown(org.testng.ITestResult)[pri:0, instance:emulatorProject.CalculatorTest@29626d54]" name="tearDown" is-config="true" duration-ms="757" started-at="2025-06-02T18:57:37 IST" finished-at="2025-06-02T18:57:38 IST">
          <params>
            <param index="0">
              <value>
                <![CDATA[[TestResult name=test status=SUCCESS method=CalculatorTest.test()[pri:0, instance:emulatorProject.CalculatorTest@29626d54] output={null}]]]>
              </value>
            </param>
          </params>
          <reporter-output>
          </reporter-output>
        </test-method> <!-- tearDown -->
      </class> <!-- emulatorProject.CalculatorTest -->
    </test> <!-- Surefire test -->
  </suite> <!-- Surefire suite -->
</testng-results>
